c:\users\student\source\repos\c++directx3d001\release\vc142.pdb
c:\users\student\source\repos\c++directx3d001\release\renderer.obj
c:\users\student\source\repos\c++directx3d001\release\player.obj
c:\users\student\source\repos\c++directx3d001\release\particle.obj
c:\users\student\source\repos\c++directx3d001\release\objectx.obj
c:\users\student\source\repos\c++directx3d001\release\object3d.obj
c:\users\student\source\repos\c++directx3d001\release\object2d.obj
c:\users\student\source\repos\c++directx3d001\release\object.obj
c:\users\student\source\repos\c++directx3d001\release\number.obj
c:\users\student\source\repos\c++directx3d001\release\modelmanager.obj
c:\users\student\source\repos\c++directx3d001\release\model.obj
c:\users\student\source\repos\c++directx3d001\release\manager.obj
c:\users\student\source\repos\c++directx3d001\release\main.obj
c:\users\student\source\repos\c++directx3d001\release\light.obj
c:\users\student\source\repos\c++directx3d001\release\input.obj
c:\users\student\source\repos\c++directx3d001\release\enemy.obj
c:\users\student\source\repos\c++directx3d001\release\effect.obj
c:\users\student\source\repos\c++directx3d001\release\debugproc.obj
c:\users\student\source\repos\c++directx3d001\release\character.obj
c:\users\student\source\repos\c++directx3d001\release\camera.obj
c:\users\student\source\repos\c++directx3d001\release\billboard.obj
c:\users\student\source\repos\c++directx3d001\release\word.obj
c:\users\student\source\repos\c++directx3d001\release\texturemanager.obj
c:\users\student\source\repos\c++directx3d001\release\testword.obj
c:\users\student\source\repos\c++directx3d001\release\sound.obj
c:\users\student\source\repos\c++directx3d001\release\score.obj
c:\users\student\source\repos\c++directx3d001\release\c++directx3d001.pch
c:\users\student\source\repos\c++directx3d001\release\pch.obj
c:\users\student\source\repos\c++directx3d001\release\motion.obj
c:\users\student\source\repos\c++directx3d001\release\meshfield.obj
c:\users\student\source\repos\c++directx3d001\release\mesh.obj
c:\users\student\source\repos\c++directx3d001\release\impact.obj
c:\users\student\source\repos\c++directx3d001\release\dome.obj
c:\users\student\source\repos\c++directx3d001\release\character3d.obj
c:\users\student\source\repos\c++directx3d001\release\character2d.obj
c:\users\student\source\repos\c++directx3d001\release\cylinder.obj
c:\users\student\source\repos\c++directx3d001\release\process.obj
c:\users\student\source\repos\c++directx3d001\c++directx3d001.exe
c:\users\student\source\repos\c++directx3d001\release\c++directx3d001.iobj
c:\users\student\source\repos\c++directx3d001\c++directx3d001.pdb
c:\users\student\source\repos\c++directx3d001\release\c++directx3d001.ipdb
c:\users\student\source\repos\c++directx3d001\release\c++directx3d001.tlog\cl.command.1.tlog
c:\users\student\source\repos\c++directx3d001\release\c++directx3d001.tlog\cl.read.1.tlog
c:\users\student\source\repos\c++directx3d001\release\c++directx3d001.tlog\cl.write.1.tlog
c:\users\student\source\repos\c++directx3d001\release\c++directx3d001.tlog\link.command.1.tlog
c:\users\student\source\repos\c++directx3d001\release\c++directx3d001.tlog\link.read.1.tlog
c:\users\student\source\repos\c++directx3d001\release\c++directx3d001.tlog\link.write.1.tlog
